Arguments: 
  /usr/bin/node /usr/share/yarn/bin/yarn.js add axios

PATH: 
  /usr/local/share/npm/bin:/usr/local/share/npm/bin:/usr/local/bin:/usr/bin:/bin:/usr/local/games:/usr/games:/sbin:/usr/sbin:/snap/bin

Yarn version: 
  1.22.4

Node version: 
  10.19.0

Platform: 
  linux x64

Trace: 
  Error: https://registry.yarnpkg.com/@babel%2fplugin-proposal-export-default-from: ESOCKETTIMEDOUT
      at ClientRequest.<anonymous> (/usr/share/yarn/lib/cli.js:141375:19)
      at Object.onceWrapper (events.js:286:20)
      at ClientRequest.emit (events.js:198:13)
      at TLSSocket.emitRequestTimeout (_http_client.js:673:40)
      at Object.onceWrapper (events.js:286:20)
      at TLSSocket.emit (events.js:198:13)
      at TLSSocket.Socket._onTimeout (net.js:443:8)
      at ontimeout (timers.js:436:11)
      at tryOnTimeout (timers.js:300:5)
      at listOnTimeout (timers.js:263:5)

npm manifest: 
  {
  	"name": "prayista",
  	"version": "0.0.0",
  	"main": "src",
  	"private": true,
  	"homepage": "./",
  	"scripts": {
  		"start": "node .",
  		"test": "jest",
  		"coverage": "npm test -- --coverage",
  		"postcoverage": "opn coverage/lcov-report/index.html",
  		"dev": "nodemon -i \"*.test.js\" .",
  		"prod": "cross-env NODE_ENV=production nodemon -i \"*.test.js\" -r dotenv-safe/config .",
  		"lint": "eslint src",
  		"docs": "apidoc -i src -o docs && apidoc-markdown -p docs -o DOCS.md",
  		"postdocs": "open-cli docs/index.html"
  	},
  	"jest": {
  		"testEnvironment": "node",
  		"setupFilesAfterEnv": [
  			"<rootDir>/test/setup.js"
  		]
  	},
  	"devDependencies": {
  		"apidoc": "^0.20.0",
  		"apidoc-markdown": "^0.2.1",
  		"babel-eslint": "^10.1.0",
  		"babel-jest": "^25.1.0",
  		"cross-env": "^7.0.2",
  		"dotenv-safe": "^8.2.0",
  		"eslint": "^6.8.0",
  		"eslint-config-standard": "^14.1.0",
  		"eslint-plugin-import": "^2.20.0",
  		"eslint-plugin-node": "^11.0.0",
  		"eslint-plugin-promise": "^4.2.0",
  		"eslint-plugin-standard": "^4.0.1",
  		"jest-cli": "^25.1.0",
  		"mongodb-memory-server": "^6.3.3",
  		"nock": "^12.0.2",
  		"nodemon": "^2.0.2",
  		"open-cli": "^6.0.0",
  		"sinon": "^4.0.1",
  		"supertest": "^4.0.2"
  	},
  	"dependencies": {
  		"@babel/core": "^7.8.4",
  		"@babel/plugin-proposal-export-default-from": "^7.8.3",
  		"@babel/plugin-transform-runtime": "^7.8.3",
  		"@babel/preset-env": "^7.8.4",
  		"@babel/register": "^7.8.3",
  		"@babel/runtime": "^7.8.4",
  		"@sendgrid/mail": "^6.5.4",
  		"bcrypt": "^4.0.1",
  		"bluebird": "^3.7.2",
  		"body-parser": "^1.19.0",
  		"bodymen": "^1.1.1",
  		"compression": "^1.7.4",
  		"cors": "^2.8.5",
  		"express": "^4.17.1",
  		"express-force-ssl": "^0.3.2",
  		"jimp": "^0.13.0",
  		"jsonwebtoken": "^8.5.1",
  		"moment": "^2.27.0",
  		"mongoose": "^5.9.4",
  		"mongoose-keywords": "^0.4.0",
  		"morgan": "^1.9.1",
  		"multer": "^1.4.2",
  		"passport": "^0.4.1",
  		"passport-http": "^0.3.0",
  		"passport-http-bearer": "^1.0.1",
  		"passport-jwt": "^4.0.0",
  		"querymen": "^2.1.4",
  		"rand-token": "^0.4.0",
  		"request": "^2.88.2",
  		"request-promise": "^4.2.5"
  	}
  }

yarn manifest: 
  No manifest

Lockfile: 
  No lockfile
